<?xml version="1.0" encoding="UTF-8" ?>
<testsuite errors="0" failures="0" hostname="agatha" name="TestSearchedString" skipped="0" tests="9" time="0.081" timestamp="2022-05-02T07:57:57">
  <properties>
[...]
</properties>
  <testcase classname="TestSearchedString" name="threeEntry" time="0.002" />
  <testcase classname="TestSearchedString" name="atStart" time="0.0" />
  <testcase classname="TestSearchedString" name="globalSearch" time="0.004" />
  <testcase classname="TestSearchedString" name="inTheEnd" time="0.0" />
  <testcase classname="TestSearchedString" name="secondEntry" time="0.0" />
  <testcase classname="TestSearchedString" name="twoCrossed" time="0.0" />
  <testcase classname="TestSearchedString" name="inTheMiddle" time="0.0" />
  <testcase classname="TestSearchedString" name="twoEntry" time="0.0" />
  <testcase classname="TestSearchedString" name="noEntry" time="0.0" />
  <system-out><![CDATA[]]></system-out>
  <system-err><![CDATA[]]></system-err>
</testsuite>
